<?xml version="1.0" encoding="UTF-8"?>
<testng-results ignored="0" total="1" passed="1" failed="0" skipped="0">
  <reporter-output>
  </reporter-output>
  <suite started-at="2020-03-25T20:19:01 EDT" name="Default suite" finished-at="2020-03-25T20:19:07 EDT" duration-ms="5958">
    <groups>
    </groups>
    <test started-at="2020-03-25T20:19:01 EDT" name="Default test" finished-at="2020-03-25T20:19:07 EDT" duration-ms="5958">
      <class name="homework.FilePathTest">
        <test-method is-config="true" signature="beforeTest()[pri:0, instance:homework.FilePathTest@8e0379d]" started-at="2020-03-25T20:19:01 EDT" name="beforeTest" finished-at="2020-03-25T20:19:03 EDT" duration-ms="1581" status="PASS">
          <reporter-output>
          </reporter-output>
        </test-method> <!-- beforeTest -->
        <test-method signature="clickFileDownload()[pri:0, instance:homework.FilePathTest@8e0379d]" started-at="2020-03-25T20:19:03 EDT" name="clickFileDownload" finished-at="2020-03-25T20:19:07 EDT" duration-ms="4257" status="PASS">
          <reporter-output>
          </reporter-output>
        </test-method> <!-- clickFileDownload -->
        <test-method is-config="true" signature="afterTest()[pri:0, instance:homework.FilePathTest@8e0379d]" started-at="2020-03-25T20:19:07 EDT" name="afterTest" finished-at="2020-03-25T20:19:07 EDT" duration-ms="93" status="PASS">
          <reporter-output>
          </reporter-output>
        </test-method> <!-- afterTest -->
      </class> <!-- homework.FilePathTest -->
    </test> <!-- Default test -->
  </suite> <!-- Default suite -->
</testng-results>
