<?xml version="1.0" encoding="UTF-8"?>
<testng-results ignored="0" total="1" passed="1" failed="0" skipped="0">
  <reporter-output>
  </reporter-output>
  <suite started-at="2020-03-28T18:32:44 EDT" name="Default suite" finished-at="2020-03-28T18:32:44 EDT" duration-ms="313">
    <groups>
    </groups>
    <test started-at="2020-03-28T18:32:44 EDT" name="Default test" finished-at="2020-03-28T18:32:44 EDT" duration-ms="313">
      <class name="sqlex.SqlExTen">
        <test-method signature="deleteNewStore()[pri:0, instance:sqlex.SqlExTen@67e2d983]" started-at="2020-03-28T18:32:44 EDT" name="deleteNewStore" finished-at="2020-03-28T18:32:44 EDT" duration-ms="280" status="PASS">
          <reporter-output>
          </reporter-output>
        </test-method> <!-- deleteNewStore -->
      </class> <!-- sqlex.SqlExTen -->
    </test> <!-- Default test -->
  </suite> <!-- Default suite -->
</testng-results>
